<?xml version="1.0" encoding="UTF-8"?>
<testng-results ignored="0" total="1" passed="1" failed="0" skipped="0">
  <reporter-output>
  </reporter-output>
  <suite started-at="2023-08-05T14:04:37Z" name="Default suite" finished-at="2023-08-05T14:05:41Z" duration-ms="63645">
    <groups>
    </groups>
    <test started-at="2023-08-05T14:04:37Z" name="Default test" finished-at="2023-08-05T14:05:41Z" duration-ms="63645">
      <class name="rahulchoudhary.appium.GeneralStore">
        <test-method is-config="true" signature="AppiumBase()[pri:0, instance:rahulchoudhary.appium.GeneralStore@548a24a]" started-at="2023-08-05T14:04:37Z" name="AppiumBase" finished-at="2023-08-05T14:05:11Z" duration-ms="33222" status="PASS">
          <reporter-output>
          </reporter-output>
        </test-method> <!-- AppiumBase -->
        <test-method signature="formFillingTestCase_1()[pri:0, instance:rahulchoudhary.appium.GeneralStore@548a24a]" started-at="2023-08-05T14:05:11Z" name="formFillingTestCase_1" finished-at="2023-08-05T14:05:40Z" duration-ms="29457" status="PASS">
          <reporter-output>
          </reporter-output>
        </test-method> <!-- formFillingTestCase_1 -->
        <test-method is-config="true" signature="tearDown()[pri:0, instance:rahulchoudhary.appium.GeneralStore@548a24a]" started-at="2023-08-05T14:05:40Z" name="tearDown" finished-at="2023-08-05T14:05:41Z" duration-ms="940" status="PASS">
          <reporter-output>
          </reporter-output>
        </test-method> <!-- tearDown -->
      </class> <!-- rahulchoudhary.appium.GeneralStore -->
    </test> <!-- Default test -->
  </suite> <!-- Default suite -->
</testng-results>
